query_hash: "3ce6976ad74ff519e21ee78d34f5d9bcdd08daace79a53a37f10b049cb6d1ef9"
block_response {
  block {
    block_v1 {
      payload {
        transactions {
          payload {
            reduced_payload {
              commands {
                add_peer {
                  peer {
                    address: "172.29.101.121:10001"
                    peer_key: "bddd58404d1315e0eb27902c5d7c8eb0602c16238f005773df406bc191308929"
                  }
                }
              }
              commands {
                add_peer {
                  peer {
                    address: "172.29.101.122:10002"
                    peer_key: "3ad86d45d8b8e89298d49185b3418fc14a5b0ecbf3b26cb0a592c8ba6b8cae8e"
                  }
                }
              }
              commands {
                add_peer {
                  peer {
                    address: "172.29.101.123:10003"
                    peer_key: "6870dec85c32ba2d2c042c511b5a4ea4003823fd1ef819231becc7544331d5d3"
                  }
                }
              }
              commands {
                add_peer {
                  peer {
                    address: "172.29.101.124:10004"
                    peer_key: "55b77d9e7ecb1cad531555da10c28a475363cbdd0802b7951e85419014143ecc"
                  }
                }
              }
              commands {
                create_role {
                  role_name: "admin"
                  permissions: can_add_peer
                  permissions: can_add_signatory
                  permissions: can_create_account
                  permissions: can_create_domain
                  permissions: can_create_asset
                  permissions: can_create_role
                  permissions: can_get_all_acc_ast
                  permissions: can_get_all_acc_ast_txs
                  permissions: can_get_all_acc_detail
                  permissions: can_get_all_acc_txs
                  permissions: can_get_all_accounts
                  permissions: can_get_all_signatories
                  permissions: can_get_all_txs
                  permissions: can_get_blocks
                  permissions: can_get_roles
                  permissions: can_read_assets
                  permissions: can_remove_signatory
                  permissions: can_set_quorum
                }
              }
              commands {
                create_domain {
                  domain_id: "admin"
                  default_role: "admin"
                }
              }
              commands {
                create_account {
                  account_name: "admin"
                  domain_id: "admin"
                  public_key: "313a07e6384776ed95447710d15e59148473ccfc052a681317a72a69f2a49910"
                }
              }
              quorum: 1
            }
          }
        }
        tx_number: 1
        height: 1
        prev_block_hash: "0000000000000000000000000000000000000000000000000000000000000000"
      }
    }
  }
}


query_hash: "d286f91d34cc18c0cebe4ca907f074256c17fe91ae299fcfca56afbbb8fb7f52"
block_response {
  block {
    block_v1 {
      payload {
        transactions {
          payload {
            reduced_payload {
              commands {
                create_role {
                  role_name: "hash_creator"
                  permissions: can_create_asset
                  permissions: can_read_assets
                }
              }
              commands {
                create_role {
                  role_name: "null_role"
                }
              }
              commands {
                create_domain {
                  domain_id: "hashing"
                  default_role: "hash_creator"
                }
              }
              creator_account_id: "admin@admin"
              created_time: 1639099355894
              quorum: 1
            }
          }
          signatures {
            public_key: "313a07e6384776ed95447710d15e59148473ccfc052a681317a72a69f2a49910"
            signature: "5e21ba22a5073e2170b3a3317d8942d5f1359a5003ec316c9b8e12a6b8f02c2697662379571ce45675cead515b0e4eaa198f461f403459b6152504cf517a8d06"
          }
        }
        height: 2
        prev_block_hash: "edb8b76962c814ad16a2e285a7238b496d883d8bdd5c91c7fd010808437a43ce"
        created_time: 1639099357000
      }
      signatures {
        public_key: "bddd58404d1315e0eb27902c5d7c8eb0602c16238f005773df406bc191308929"
        signature: "e2d0290ddb2e1d1d4f4273199e3c9b8913365e13dffcd7283d016c557d8bf38d90634c51e906bf541b28bdb1f0b92f536229d94378c0f9dc9c95b9fd5cdff20f"
      }
      signatures {
        public_key: "3ad86d45d8b8e89298d49185b3418fc14a5b0ecbf3b26cb0a592c8ba6b8cae8e"
        signature: "f80883d7025bca2342816b297bba545a23559e49aa784e52be28a6de181fe87f3278e3a046b242e060312c37e85f6ce538b4a75a9da4289348459c8e01173d04"
      }
      signatures {
        public_key: "55b77d9e7ecb1cad531555da10c28a475363cbdd0802b7951e85419014143ecc"
        signature: "1b7447d73e6b7a37a3d54e62d11ebfbaf8104b647cf3c22b434c1e61f44820e48393770bd17ef2679446f760048f6ab5f2b420b098edc496736669cbede18604"
      }
    }
  }
}


query_hash: "5f5e8b592e5626a3ad94b43650cb0c1346b7152685f0b42f451a8f65711fad10"
block_response {
  block {
    block_v1 {
      payload {
        transactions {
          payload {
            reduced_payload {
              commands {
                create_account {
                  account_name: "jack"
                  domain_id: "hashing"
                  public_key: "80d28bfbb20ca7e2e1dc46b614da6c11b3d605f1631af68e589e2a6c34c3c43d"
                }
              }
              creator_account_id: "admin@admin"
              created_time: 1639099357060
              quorum: 1
            }
          }
          signatures {
            public_key: "313a07e6384776ed95447710d15e59148473ccfc052a681317a72a69f2a49910"
            signature: "feb8f86c235fb9a7ef948441c2ca0e13b835ea923b90fb3e830a74c827c142c2dd5727dfb5702797bf043056708f0f39865c832b4d31aa6406426eeb9c742000"
          }
        }
        height: 3
        prev_block_hash: "86fd8b32b278660451be4ef81bc2eb3b74fd7b7c9fb63fab101cdb04337397f6"
        created_time: 1639099360052
      }
      signatures {
        public_key: "bddd58404d1315e0eb27902c5d7c8eb0602c16238f005773df406bc191308929"
        signature: "365333c46a9a4839479e35daa02da344f7f3294fefbbe15c09725da6ea72c421b2dc47e58d6609b50d8be9812c5e2d614674f37e2200f27f35f1198954538a0a"
      }
      signatures {
        public_key: "3ad86d45d8b8e89298d49185b3418fc14a5b0ecbf3b26cb0a592c8ba6b8cae8e"
        signature: "748fa094115c066b584480d223c33360e68e4951a54b4c5cd713c9f986f74c42a51892051e9757e04e7530ee7eceb4d45072b18c90c066d45cd3452ab1e99707"
      }
      signatures {
        public_key: "6870dec85c32ba2d2c042c511b5a4ea4003823fd1ef819231becc7544331d5d3"
        signature: "589be6340c4ed3ebf5627c0c0ce9d5ea120ef2eff2d56a3da7c37f7abcd127e3e67f0a97844ba7a3eb040d9dc2a5f865a1a9b7cae355b7b44605c834034be60c"
      }
    }
  }
}


query_hash: "a60e2a0600e8cfeabd073913ccdfdc251ad72986437520f2d961b3f3c959b2a0"
block_response {
  block {
    block_v1 {
      payload {
        transactions {
          payload {
            reduced_payload {
              commands {
                create_account {
                  account_name: "jill"
                  domain_id: "hashing"
                  public_key: "e53193b9a8f84f0788d19afe78d35086d2c5ab24c0941824e1e6df63e58f65e3"
                }
              }
              creator_account_id: "admin@admin"
              created_time: 1639099360111
              quorum: 1
            }
          }
          signatures {
            public_key: "313a07e6384776ed95447710d15e59148473ccfc052a681317a72a69f2a49910"
            signature: "7fc4f490d521d9474b8a2fd6d27b7ff883f7f15d52915a000a985b1b36eeecb7147feb6e55707cfd0598891bd61ab0244be406fe6a24303880c49fb0032d800f"
          }
        }
        height: 4
        prev_block_hash: "746401b0896ff53d19bd50decf997749cb6531ea29aeb9165dfeea64b855c2b2"
        created_time: 1639099363104
      }
      signatures {
        public_key: "bddd58404d1315e0eb27902c5d7c8eb0602c16238f005773df406bc191308929"
        signature: "3f1654daf5717fe3f53effeb04d5f9556e20efc788317f5a987afed801571ccd9d5344204f8d8c01cfcabf75588d726bb9826e425671674ca07e40818182850e"
      }
      signatures {
        public_key: "3ad86d45d8b8e89298d49185b3418fc14a5b0ecbf3b26cb0a592c8ba6b8cae8e"
        signature: "b7ae137f71ff4b0cc14f5365fd4f781d8abe3765532905d0595936cb81d0010fbde3f06930fd2164367f7cc89ed0ce8f92c96064a2db4b834081f5ba92f97803"
      }
      signatures {
        public_key: "55b77d9e7ecb1cad531555da10c28a475363cbdd0802b7951e85419014143ecc"
        signature: "5ef88637226d12977fb541dc694923ebe295c2dc5ce911c2db464d8ebe8cd7e1fdd04612296c29b8b7e29ecd1dda8065bb3cf2e9eb8853d2cc14069242a6eb03"
      }
    }
  }
}


query_hash: "19db4834e2dbf6457c81cc0b3876b1e0c580f4ac7eabf3d547032a39f092e501"
block_response {
  block {
    block_v1 {
      payload {
        transactions {
          payload {
            reduced_payload {
              commands {
                create_account {
                  account_name: "victoria"
                  domain_id: "hashing"
                  public_key: "325a44642408bcdcb8fb1ce8443c70a41de7c316a53893000aed53b1bd970f3f"
                }
              }
              creator_account_id: "admin@admin"
              created_time: 1639099363165
              quorum: 1
            }
          }
          signatures {
            public_key: "313a07e6384776ed95447710d15e59148473ccfc052a681317a72a69f2a49910"
            signature: "7573ec27e391bc090e4c7d658155bd8b97e675f85c61b29a128d16bc389eb2a8c83b9c7bfddb1a0bd704288c45f2e16619aa9ee7d220aa41d6878fe04749d509"
          }
        }
        height: 5
        prev_block_hash: "2e2f6fb227b28ba47e0b4d4c6be4e1d521ec1c3958a1b4828ef1aa1df12236bf"
        created_time: 1639099366154
      }
      signatures {
        public_key: "bddd58404d1315e0eb27902c5d7c8eb0602c16238f005773df406bc191308929"
        signature: "6d7db502ee2810e532440cc95767a6e2cf5216bb7bfce6b2dc5350ccd0c62be8ae0654fef99ee59707f248b691df2939002fc4ee4d050f006afa9d19d364710c"
      }
      signatures {
        public_key: "55b77d9e7ecb1cad531555da10c28a475363cbdd0802b7951e85419014143ecc"
        signature: "afbdccd890d77cbebf93ba600820b91f3f76cd0882552e4d30f16e9e14104c451933528071ee1f7567d0353b6c167c0b05b9b39b3df86457bb48c345e972550c"
      }
      signatures {
        public_key: "6870dec85c32ba2d2c042c511b5a4ea4003823fd1ef819231becc7544331d5d3"
        signature: "75b2edd4f78a9766de27d5c84c84c872aed22b7f787063a46abbe93920d6fb18b433b0c3533f687f8cbb6a0b43e97ceb7abecc5feaffa50977aafe0faaf2310b"
      }
      signatures {
        public_key: "3ad86d45d8b8e89298d49185b3418fc14a5b0ecbf3b26cb0a592c8ba6b8cae8e"
        signature: "f35f1b376ea840b7ebedec9c142aaad82d5e74c145f28311051804fb84ed27a04251c6bf376d85e8c395596cbdc0cdac204b1ff2548cb1fa9a4edaa75e0ec40d"
      }
    }
  }
}


query_hash: "10d40f7931de29b7352b6610385d7e0102cacbe022ad8ef97adc5cc6abc0bafb"
block_response {
  block {
    block_v1 {
      payload {
        transactions {
          payload {
            reduced_payload {
              commands {
                create_domain {
                  domain_id: "hashing-hash"
                  default_role: "null_role"
                }
              }
              creator_account_id: "admin@admin"
              created_time: 1639099367443
              quorum: 1
            }
          }
          signatures {
            public_key: "313a07e6384776ed95447710d15e59148473ccfc052a681317a72a69f2a49910"
            signature: "f5a1dec998fae23300c07a534aee7191d711987a58c9d012e3e1dc12cc81adbb7a68c71cccce33721fc8ccb7272aad446679babba215e59854c5f5c3a20a7e08"
          }
        }
        height: 6
        prev_block_hash: "614aec5bb05cc6210dc99987e62812b1c4d568b3b20c061fe04bf6e2201c5f19"
        created_time: 1639099369202
      }
      signatures {
        public_key: "bddd58404d1315e0eb27902c5d7c8eb0602c16238f005773df406bc191308929"
        signature: "2d06a8f6c3dbe1a91c3a5f07faec6c092c0a8823a800e659cf3e91908e566bec629988cf95eb7ff80a0bfd0f0e097683c02fd0fcfbd1f1650229cbf685a7760d"
      }
      signatures {
        public_key: "3ad86d45d8b8e89298d49185b3418fc14a5b0ecbf3b26cb0a592c8ba6b8cae8e"
        signature: "3c7c6b36efbcba04acafec5b83c7141087bd7a33cc3b836f0ab2b2a28be8d2c6575cf4a012cd8c0291bd89a96f106afd5e931fa23cc5436bfd3a03ed15861307"
      }
      signatures {
        public_key: "55b77d9e7ecb1cad531555da10c28a475363cbdd0802b7951e85419014143ecc"
        signature: "c069475beffc8d7dd72250bbb0e9f419685c381f51e22fd9f73a227634afc5eeaa84411717654bfd039ad73652deef9e8f27df17153a12b84c294e6139907709"
      }
      signatures {
        public_key: "6870dec85c32ba2d2c042c511b5a4ea4003823fd1ef819231becc7544331d5d3"
        signature: "86cdf6a253618bbdb7e0d472cad08c654f2a541e9737d0703fec94d3ebaec60673bbb475cb79d5db9bb1b8724e6746f554967ca161f52f0f25e038627d44e401"
      }
    }
  }
}


query_hash: "8bf26e970ac776b30ccb4a1bcf9d8b029ef6ef0dacd2177fd72035ab8462d9e0"
block_response {
  block {
    block_v1 {
      payload {
        transactions {
          payload {
            reduced_payload {
              commands {
                create_asset {
                  asset_name: "f01bd23a7f648980734bafe206b4a1b5"
                  domain_id: "hashing-hash"
                }
              }
              creator_account_id: "jack@hashing"
              created_time: 1639099369259
              quorum: 1
            }
          }
          signatures {
            public_key: "80d28bfbb20ca7e2e1dc46b614da6c11b3d605f1631af68e589e2a6c34c3c43d"
            signature: "850b1c9103247827d4e3bcfc6c19d922246ccf1fb44637ad363e5260650d97cd46cd80565f75f2294a121f517f9e09f9b6146eccc34a727fbab2cfdb9c0ad706"
          }
        }
        height: 7
        prev_block_hash: "ddacf40d33c6ba2ce0870b96c4693afc1d040e5a48bf11aa14eaf4ad0cff31a9"
        created_time: 1639099372252
      }
      signatures {
        public_key: "bddd58404d1315e0eb27902c5d7c8eb0602c16238f005773df406bc191308929"
        signature: "5017ff004d4a92d496c69f2cb2bdfd39d2db271dca45a37961ada303989e4cd7e8d9b7584bbd29a0e4a5f6d381a75a6123089467c1870195c8de22bdb26c6909"
      }
      signatures {
        public_key: "3ad86d45d8b8e89298d49185b3418fc14a5b0ecbf3b26cb0a592c8ba6b8cae8e"
        signature: "4508d906dcf2ff4d4d31aad3623e2b8234e8bff5373ddbf0b19d363e63464b1d92cd063eda7f53d23fd6e69d7b5cdaddaa12208666cc3ea7b80ce08fec5a6d03"
      }
      signatures {
        public_key: "6870dec85c32ba2d2c042c511b5a4ea4003823fd1ef819231becc7544331d5d3"
        signature: "a54e0ee0c9c34b2e3d5aa84ad922c87b146a328cae8abb75d1cae693104357c5e77ad8b91e738117e346b04ca4e13f9b7d3b7600dc94c9113363a634f6630700"
      }
      signatures {
        public_key: "55b77d9e7ecb1cad531555da10c28a475363cbdd0802b7951e85419014143ecc"
        signature: "835d67ec12998da1fa35a0b1221b2f2e55966f1f8e0729b3df36f6f884a3a7a905d36c58fcabec9bf040f0d2e8d425468518e1b7fe4606f4ab0e6f7fac270003"
      }
    }
  }
}


query_hash: "5b254c2f6e3e7211558b63ace790c38f8672e7ceb6a63793f7dfa8c8831c4dac"
block_response {
  block {
    block_v1 {
      payload {
        height: 8
        prev_block_hash: "dc5e45fdf1eb8cf6832c0d2b1e6e28d8d924bce56c9f68ac03088947de2c9d1d"
        created_time: 1639099375302
        rejected_transactions_hashes: "2e36c2b5472d65e75e6f8d8210d6caec9ef6ed5c1977bc599c6700cd34c5129f"
      }
      signatures {
        public_key: "bddd58404d1315e0eb27902c5d7c8eb0602c16238f005773df406bc191308929"
        signature: "bb5c3b8ffe36ce636b6b9ac95bf4f6321e09f5e2ee8557696f0f0515aab01a1a85b7ea24cb26a58595774e2321fd18000b72a940ba74a2d3bc91e10df8cd8103"
      }
      signatures {
        public_key: "3ad86d45d8b8e89298d49185b3418fc14a5b0ecbf3b26cb0a592c8ba6b8cae8e"
        signature: "af41e92b092de8e11a16d653b12cdf83d057d91b013063fd0379c41d9db8791b37a8278b2534281254ba83c9d360ec742cbe4941893082f53c088f0d7efbed09"
      }
      signatures {
        public_key: "55b77d9e7ecb1cad531555da10c28a475363cbdd0802b7951e85419014143ecc"
        signature: "c06a9ce628f5b6e518539a622c27deca2766a854082c43fcab2fe12ba84819cc3376cca2f97029209222c91ddf216228ff1f0751cef62aafc8eb0b51c0035207"
      }
    }
  }
}


query_hash: "8e3e41d6ba7f7dcc89b8e8bbe26ef4d7ac19f49f2acdb3415677f8cbf9485268"
block_response {
  block {
    block_v1 {
      payload {
        transactions {
          payload {
            reduced_payload {
              commands {
                create_asset {
                  asset_name: "920bbbd31080b867e575f0813d046bb8"
                  domain_id: "hashing-hash"
                }
              }
              creator_account_id: "jill@hashing"
              created_time: 1639099375363
              quorum: 1
            }
          }
          signatures {
            public_key: "e53193b9a8f84f0788d19afe78d35086d2c5ab24c0941824e1e6df63e58f65e3"
            signature: "a7ea53abab6e444787712c906810cb2317ce7b441c7807b3327a63e937ab0e56ae1b85fa8af8c017b992d439e917525ea5aaa435fa3a53f5a90694b517485008"
          }
        }
        height: 9
        prev_block_hash: "b6937f90fc78dddde8127bb28c92c820a00ace6dbab63b944aac592c5a236b86"
        created_time: 1639099378353
      }
      signatures {
        public_key: "bddd58404d1315e0eb27902c5d7c8eb0602c16238f005773df406bc191308929"
        signature: "840138445761c145cb91cfb3a5dbf0847f9594c54fd5f57e58262284568e205a6cb1576bf34138adbd13bba4cbd5a5471552f30536c7aa60372d2aa2546c4904"
      }
      signatures {
        public_key: "6870dec85c32ba2d2c042c511b5a4ea4003823fd1ef819231becc7544331d5d3"
        signature: "f54fe19bf63e3dd986b8ce579028cee53491954780b5adad9328c9d9d88ebffd71456fb7419e91e7245ac3eb381132afa89c44b42daa3402dc1568b2532e330f"
      }
      signatures {
        public_key: "3ad86d45d8b8e89298d49185b3418fc14a5b0ecbf3b26cb0a592c8ba6b8cae8e"
        signature: "d6265aa9e4c0ef96704ccdbddad6ecd6dfdaf91ed393364cb1b5466b7963d4a82b60046c6a8b6d869467d80eb95915a52a478e18b1f19f6a3ba7aef43afed606"
      }
      signatures {
        public_key: "55b77d9e7ecb1cad531555da10c28a475363cbdd0802b7951e85419014143ecc"
        signature: "30ff3a21a6019c22df12ad376503e1372b43d15a6c34adcd187e14c9eb81a55a68e30b14bc73e3f76e179d96902430dd4a00b46c4a71b11808c8f7f4d8451009"
      }
    }
  }
}


query_hash: "ed60519038de024c9d9786fee92bb068398e4968b1dd87ce09fae4679a2b39fb"
block_response {
  block {
    block_v1 {
      payload {
        height: 10
        prev_block_hash: "0bafacdfbf554e56307cd96f9e2d701cd3a91e2044fe28c3b324ef302a9bb350"
        created_time: 1639099396409
        rejected_transactions_hashes: "777a7060a3d0cafb59b0733f9cf45445b90817bd0c0c6aa7275e61eeb2bae37d"
      }
      signatures {
        public_key: "bddd58404d1315e0eb27902c5d7c8eb0602c16238f005773df406bc191308929"
        signature: "3e78d65e252d5d921fd93cbf98d73ee4123354f821ec4283a148906a7ab867e1a5072d661827093cbecc9b0693da64a1c6ae34963dfef9fd0a26e2de04df9706"
      }
      signatures {
        public_key: "3ad86d45d8b8e89298d49185b3418fc14a5b0ecbf3b26cb0a592c8ba6b8cae8e"
        signature: "afd0e7f3eda96d1d6417025ae823a4e6a722333931a6897c525d5851200d447f60480350b651ef0b9d00c2503df8de073c4b65dd2038ca52875fa09a451fc006"
      }
      signatures {
        public_key: "55b77d9e7ecb1cad531555da10c28a475363cbdd0802b7951e85419014143ecc"
        signature: "9de37fb3ac4d2c70c7aba731ab0aacdd223373b7c9f4f2d5a4c9574611be4bc7b964123c1fdcd3e7d637474a934495311600e2c1a291dffef4ac502cfabdbf00"
      }
      signatures {
        public_key: "6870dec85c32ba2d2c042c511b5a4ea4003823fd1ef819231becc7544331d5d3"
        signature: "f6eb7f624ac0f8097f0e94408548b817a0e66feb0626048f8a5f6b8bee296a8a1535b711f409488bb898cdde80aaf18bc2621928bac301e43dfa05f30f157401"
      }
    }
  }
}


query_hash: "8e0141e6ff61b5debc4bcffd8f83ac66481e80d57819cceefe8f20fcc38950e8"
block_response {
  block {
    block_v1 {
      payload {
        transactions {
          payload {
            reduced_payload {
              commands {
                create_account {
                  account_name: "alice"
                  domain_id: "hashing"
                  public_key: "6fff7ae1851e1245d688a7d7b7965f4cd0d230cae99788d2dc1da9927093a6c4"
                }
              }
              creator_account_id: "admin@admin"
              created_time: 1639099396465
              quorum: 1
            }
          }
          signatures {
            public_key: "313a07e6384776ed95447710d15e59148473ccfc052a681317a72a69f2a49910"
            signature: "0d23b1f22e59e88f24d8fb0383096aa2a026c4e45607f9e9649026dcfaae4917c34be16ef03ff6740ab32e5510e53f2f90baced0b855aabdbd63097571f75e01"
          }
        }
        height: 11
        prev_block_hash: "5abc492bdc0ebf598ab6ed04a27fed1d5ac988746c6c7a1fd4e96060e557d5c9"
        created_time: 1639099399457
      }
      signatures {
        public_key: "bddd58404d1315e0eb27902c5d7c8eb0602c16238f005773df406bc191308929"
        signature: "c4958b469f0ff9691ee8c9ae8237f8ad9ddd5998e6db983f9fd41e75c64119dbe827f51b07d43314616ad513b9fc03ceca120d8cc37f72b26e6da1d6ef0b670f"
      }
      signatures {
        public_key: "6870dec85c32ba2d2c042c511b5a4ea4003823fd1ef819231becc7544331d5d3"
        signature: "518812b81982c66da6a9525641510d97aa66e2bbbc78c69f5af896682a3f2505e7bf28250178a732a2575edbce7cc732932f9d2f764ce91f3e1180f7e815ea03"
      }
      signatures {
        public_key: "55b77d9e7ecb1cad531555da10c28a475363cbdd0802b7951e85419014143ecc"
        signature: "e274c05f0b40ab55552f0033efdfe9e53bbbab57a28d7984f04ceb4d0fd98f0c3cdb0613d42a7f15ec7b09e2efe2c0fdbe9fae8d9475d30c2e24ef9ee1033b00"
      }
      signatures {
        public_key: "3ad86d45d8b8e89298d49185b3418fc14a5b0ecbf3b26cb0a592c8ba6b8cae8e"
        signature: "3c88eab301cad51bb5ef948871889849b099df1436f724856d579f2e50cca2ef690a40a892af2a8e15e2055978a94d2ccbac74f0905c02f65a9a6e494e475d0c"
      }
    }
  }
}


query_hash: "f8773e9ba69b2f41a64cf262a8fc2f078d563716b078efa555233818de970762"
block_response {
  block {
    block_v1 {
      payload {
        transactions {
          payload {
            reduced_payload {
              commands {
                create_account {
                  account_name: "bob"
                  domain_id: "hashing"
                  public_key: "81918dd89e403b4d5915c5e37250c776a0d839122770671b4c2613934532171b"
                }
              }
              creator_account_id: "admin@admin"
              created_time: 1639099399516
              quorum: 1
            }
          }
          signatures {
            public_key: "313a07e6384776ed95447710d15e59148473ccfc052a681317a72a69f2a49910"
            signature: "4e96b811dadb489356b2b983e14ce0de6008a0cddd533a5c5b959aa42661b6c4050141a64e1ca05a009b0029a44bbcd87e5dd76bd33bae68ad98a94568aa3c09"
          }
        }
        height: 12
        prev_block_hash: "21c38aee3cb0bc777f3caf4d461dfc92c0c73cd92378342c4a44eea38df4ab96"
        created_time: 1639099402508
      }
      signatures {
        public_key: "bddd58404d1315e0eb27902c5d7c8eb0602c16238f005773df406bc191308929"
        signature: "5b794b5273a493e8b6a60ff8ca0224317f551adf5723792874f557044257c51088ab56d1bac25079e7ce2ea1021ef2e098bba3a2d7461ba183e5a280e1a03803"
      }
      signatures {
        public_key: "6870dec85c32ba2d2c042c511b5a4ea4003823fd1ef819231becc7544331d5d3"
        signature: "4bdaea95b08311475fd089da7fff6a9ee85e03c83278e215e0b7f6139eeab7d898cdd905786a83a51ae1d42ba8b325f62fc45ddf5fd83216bac068d5177eec00"
      }
      signatures {
        public_key: "3ad86d45d8b8e89298d49185b3418fc14a5b0ecbf3b26cb0a592c8ba6b8cae8e"
        signature: "a9207ef078af5324cbc6af956aa4752e119294eb238a5117748faab8e0beed828b883c1984011b08a48308734dd5b99a5dc325648e36ef9f604a68668a6a160d"
      }
      signatures {
        public_key: "55b77d9e7ecb1cad531555da10c28a475363cbdd0802b7951e85419014143ecc"
        signature: "ff75b9cbdac9148147da822bebc5810177953a84daec792da82d992b556c593494cf316184614f9bd10d1ba91f42eec43f65a1fc82bd5cf0b409fbeacad64e0a"
      }
    }
  }
}


query_hash: "a94fb6893eb84f5037e00b9acfe1747b9336f1137bc470271e57b952c1d269fb"
block_response {
  block {
    block_v1 {
      payload {
        transactions {
          payload {
            reduced_payload {
              commands {
                create_domain {
                  domain_id: "message-hash"
                  default_role: "null_role"
                }
              }
              creator_account_id: "admin@admin"
              created_time: 1639099405180
              quorum: 1
            }
          }
          signatures {
            public_key: "313a07e6384776ed95447710d15e59148473ccfc052a681317a72a69f2a49910"
            signature: "a6585176e4ce018f3023b9be4553c3356ddc5ffa657622ebf2c360679e55def8a983b899b0953ccdc95fa75106ef81e07556f4a2eb67c0242837cbf2bbcb2402"
          }
        }
        height: 13
        prev_block_hash: "e2823eb9fc99594a6400a758d74b7e4d9fc7e46aa03866672619ef7e7da8db56"
        created_time: 1639099405556
      }
      signatures {
        public_key: "bddd58404d1315e0eb27902c5d7c8eb0602c16238f005773df406bc191308929"
        signature: "16638dda33ee278e0b62b73a14a9ad342d5e1bf403064b4c21813561f79fc40d14ee5a9f8ac75661d23e1e6efa0783c092d98de538d779670bab834864c0b404"
      }
      signatures {
        public_key: "6870dec85c32ba2d2c042c511b5a4ea4003823fd1ef819231becc7544331d5d3"
        signature: "ae24aa388a0d7b0d5a448a058efeebd5f9496561ec97d24cf0d8f8fcd39fdc1873809fcbf29ed6e7996fbaae1063b28ffc7dd68c606966537c442ac3ef21350b"
      }
      signatures {
        public_key: "55b77d9e7ecb1cad531555da10c28a475363cbdd0802b7951e85419014143ecc"
        signature: "9b566fd5a97b5f5fea0228f966b2a0bbf6d2e0db78c859cb2a8f1f7b4e7f76ac1f986434cb86f4799f22220ce63144c89451f2041ad2c96702423b9521ecfe05"
      }
    }
  }
}


query_hash: "1001a9cab2c583292c1b990aa7ffd350c4b198f4987008c6c44e04d52400addf"
block_response {
  block {
    block_v1 {
      payload {
        transactions {
          payload {
            reduced_payload {
              commands {
                create_asset {
                  asset_name: "65a8e27d8879283831b664bd8b7f0ad4"
                  domain_id: "message-hash"
                }
              }
              creator_account_id: "alice@hashing"
              created_time: 1639099405622
              quorum: 1
            }
          }
          signatures {
            public_key: "6fff7ae1851e1245d688a7d7b7965f4cd0d230cae99788d2dc1da9927093a6c4"
            signature: "2738011efb0e2c1e8a88305b66d8ea16e21fb350399db6b4f784cdaf3dcfd6e5ce2932589c701e90e65e379cd98a100fb51742c5537b631b90507e563cf63d0e"
          }
        }
        height: 14
        prev_block_hash: "49ae22770fb16c983070398b73f46c5dd7f7ce2ae4ff67175d21bb8b17195cb6"
        created_time: 1639099408610
      }
      signatures {
        public_key: "bddd58404d1315e0eb27902c5d7c8eb0602c16238f005773df406bc191308929"
        signature: "50dd4971eb730ad221948fb8a8e0e43e76aae0d3323acf7ee938026393bec02ad6323376fd415803cbaa35d7f114cff75026f2622527fa49502973b44fbf9100"
      }
      signatures {
        public_key: "55b77d9e7ecb1cad531555da10c28a475363cbdd0802b7951e85419014143ecc"
        signature: "919164be721e18c50f099b3cc2a230d326ec2b5dffe2e505f978ac601e9cb795662f1ffb7f27de9855dc9fe30a884c40f0e53020336fad7f7f370d07163be904"
      }
      signatures {
        public_key: "3ad86d45d8b8e89298d49185b3418fc14a5b0ecbf3b26cb0a592c8ba6b8cae8e"
        signature: "167d2972a8335ae1c8943c93c3561c139b55507120b01fa4a39dd488de4019762a4a2dfb196dc1dd9d4870749d5b920c1cf007d6c90b431716695fe42b69280f"
      }
    }
  }
}


query_hash: "c9e76341a009dc1e90b47df11350ac6ce5d4220212871cc57f04c2046296c5ec"
block_response {
  block {
    block_v1 {
      payload {
        height: 15
        prev_block_hash: "33347d96d4667524b9c7711ba642c412e790d0e620b650997d1b914871d3d037"
        created_time: 1639099417662
        rejected_transactions_hashes: "724995e5d9304f722f608c25a0deda2ef49491af8ef9e7072edd3fe8872d7dc4"
      }
      signatures {
        public_key: "bddd58404d1315e0eb27902c5d7c8eb0602c16238f005773df406bc191308929"
        signature: "d8c4ac8921e708ef051fa182f6b039bef01737b31f11c13a22f05e01933840f51cdc46eef075ed869f02f290f49ff642d5502c65a13a15473fa92676b22a7b04"
      }
      signatures {
        public_key: "55b77d9e7ecb1cad531555da10c28a475363cbdd0802b7951e85419014143ecc"
        signature: "9ae0ffe101bf3762b218f16cf5335658fbb19bf7318c5e40105d1177c9dc44957c7ccd428e87b5cb08763e7e8828fc56c1d00e353625aaf4204cd2d685ced607"
      }
      signatures {
        public_key: "6870dec85c32ba2d2c042c511b5a4ea4003823fd1ef819231becc7544331d5d3"
        signature: "9c73216455d85fa5038b412a80e8b2ce779356e80550a99e061396376496abaa4f4d788fe153c81461bb778cab4c2e73050bc6728377e419bdf0e3e7693a220e"
      }
      signatures {
        public_key: "3ad86d45d8b8e89298d49185b3418fc14a5b0ecbf3b26cb0a592c8ba6b8cae8e"
        signature: "c51aa58764f378163c3c91a1db88ad84f2d74f1cb3d5140c17b9df123cfa3d4320f67f4f9f384a96fb13317ca3b0716a8c5a16fa0a2bb3ed918cdb618ccbd505"
      }
    }
  }
}


query_hash: "6ea9d8d2dec0feedca0f1b0bbfc5dfca72402bb35b015cfa1f3c14cf9495107c"
block_response {
  block {
    block_v1 {
      payload {
        transactions {
          payload {
            reduced_payload {
              commands {
                create_asset {
                  asset_name: "5c6e19867cafdb6df1b031c1c674d0e1"
                  domain_id: "message-hash"
                }
              }
              creator_account_id: "alice@hashing"
              created_time: 1639099417715
              quorum: 1
            }
          }
          signatures {
            public_key: "6fff7ae1851e1245d688a7d7b7965f4cd0d230cae99788d2dc1da9927093a6c4"
            signature: "351bf249f712b1cab2e9f850c60fdc0136c892401a00e202899713fa37302654e8800f7fad4903eec6de24a8e43526b62b94a74f79ac99f6c24f6c100646da0a"
          }
        }
        height: 16
        prev_block_hash: "b9baedef987c3626de4faae7a2553ff2afbc878ad97e7da7e421a60ca67521bd"
        created_time: 1639099420714
      }
      signatures {
        public_key: "bddd58404d1315e0eb27902c5d7c8eb0602c16238f005773df406bc191308929"
        signature: "7e2148ce9cd79e7da39978fca78b047d725f98616cbe56ddd0d0b57c5554d9a31bf3e6e1cd62fe8140786ea08512ec07f0f6818ba590e58737487ca66348ee0c"
      }
      signatures {
        public_key: "6870dec85c32ba2d2c042c511b5a4ea4003823fd1ef819231becc7544331d5d3"
        signature: "66959251e1504ed582da13c76907bcaa7d3cb5876b6bb1c02a3b6aaee4d2c3e2fd254d09c98c931cfc7e1a0b60d1a38773624e58d40076861852e3b133231f0c"
      }
      signatures {
        public_key: "55b77d9e7ecb1cad531555da10c28a475363cbdd0802b7951e85419014143ecc"
        signature: "24782f86ad67928ca95d291a3e1f89390bbf95f5faea4e3bdeddf86d04c15ad0ef279539c2887829a3e94549d9e0c5b8c378e9245616b574afb267a26d10b209"
      }
    }
  }
}


query_hash: "3d2dcfc63039c3db5749cb10a4ca16935823cf9293b273fe12c98af50744fa7d"
block_response {
  block {
    block_v1 {
      payload {
        transactions {
          payload {
            reduced_payload {
              commands {
                create_account {
                  account_name: "mal"
                  domain_id: "hashing"
                  public_key: "1dc1f768895df7ec4fc8f194a411dab03af35f1a639f5f8adb26c907fec9d946"
                }
              }
              creator_account_id: "admin@admin"
              created_time: 1639099426582
              quorum: 1
            }
          }
          signatures {
            public_key: "313a07e6384776ed95447710d15e59148473ccfc052a681317a72a69f2a49910"
            signature: "87af90558b97fa1ee9fc9165252b8b8bdb7c30226071dcbb96d7a12601e7b73acf272d9c5d64a2ed3c20f46b5a404c1c99a5b60a68ef978fd2364d1dacf7380f"
          }
        }
        height: 17
        prev_block_hash: "c1e0293f180640dd46f7eb56fc9ceb28b1d1e740e1907fa871ef25b03c3d716f"
        created_time: 1639099426766
      }
      signatures {
        public_key: "bddd58404d1315e0eb27902c5d7c8eb0602c16238f005773df406bc191308929"
        signature: "37562a672b73317f8e6a643f2712c1ae3070299c0e81db482444ee0aba201cd0628a311d02629716760a487ca47e5037148d550b6f481a8ff56704e2bffce104"
      }
      signatures {
        public_key: "3ad86d45d8b8e89298d49185b3418fc14a5b0ecbf3b26cb0a592c8ba6b8cae8e"
        signature: "7b81017f40b325ac928fb06845b6b74594d4104b5f715273b222a058072e1eda0760b6f32722cc34874e1495e81832fb6b91aad51a743dee58747ccc9cb13a01"
      }
      signatures {
        public_key: "6870dec85c32ba2d2c042c511b5a4ea4003823fd1ef819231becc7544331d5d3"
        signature: "1f225501bf8049ce9a83401541c17a2a606f12136390999064500c8712e550972e24f18e371e63b3158ec1b4d63e85e25c65bbec532dc1176460c36a0b160a05"
      }
    }
  }
}


query_hash: "7b89b9f4a35fd32e49f3e1ff95260c00a993fcec553b4e1d6a87f344b41d02b2"
block_response {
  block {
    block_v1 {
      payload {
        transactions {
          payload {
            reduced_payload {
              commands {
                create_domain {
                  domain_id: "mal-message-hash"
                  default_role: "null_role"
                }
              }
              creator_account_id: "admin@admin"
              created_time: 1639099430038
              quorum: 1
            }
          }
          signatures {
            public_key: "313a07e6384776ed95447710d15e59148473ccfc052a681317a72a69f2a49910"
            signature: "2d47cdc403283fd07e47b83dbd1918c4b545822e720a2b818a1f87c1270b82233f96a3af615ac9ac40ca73eda141fed3ee744534a90e04260e1886773ea8b70c"
          }
        }
        height: 18
        prev_block_hash: "83535113bc6e318c5d064b3e7ea1b91f56439d027ea1a0b6dad6b976a58790bd"
        created_time: 1639099432817
      }
      signatures {
        public_key: "bddd58404d1315e0eb27902c5d7c8eb0602c16238f005773df406bc191308929"
        signature: "557626a79736c14598f4a160a4a966f9d4f68e58d255148316a275e9300c5ff20c25c4885d6217975805588d8fe3206447f6d17f20277742df8727b4bd57af02"
      }
      signatures {
        public_key: "55b77d9e7ecb1cad531555da10c28a475363cbdd0802b7951e85419014143ecc"
        signature: "c0c69cda86a8661876f9313fa07608e1238b1949c496aff2d0bc23a05df0236457b45c632f22f565c9933efef73694b1bda8ace9754a5e1a11f4af1f6326690a"
      }
      signatures {
        public_key: "3ad86d45d8b8e89298d49185b3418fc14a5b0ecbf3b26cb0a592c8ba6b8cae8e"
        signature: "fc75ac2dff38724d0d972522861ff4082dc2212adb333d058d9e86a6d565e9b7e04befd785b128ebc0b851a723aee5fe4be6a66c81c112d0fc8d47b670f6e207"
      }
    }
  }
}


query_hash: "23bf625b576a27c23b8c47b502d3664cb8ef402479ad5c1b675a22b4c8c01dd4"
block_response {
  block {
    block_v1 {
      payload {
        transactions {
          payload {
            reduced_payload {
              commands {
                create_asset {
                  asset_name: "fc37a4fd492c56319e3c083761aee0ad"
                  domain_id: "mal-message-hash"
                }
              }
              creator_account_id: "mal@hashing"
              created_time: 1639099432875
              quorum: 1
            }
          }
          signatures {
            public_key: "1dc1f768895df7ec4fc8f194a411dab03af35f1a639f5f8adb26c907fec9d946"
            signature: "98603c8c838a73bd61dfa8f9f498a0a389d6c2c3f3699f3065fd04eb28fee36a5dd2f8924f67b8a9c951cad99114a1e11280d07e74e4b7d98335e160d2880808"
          }
        }
        height: 19
        prev_block_hash: "fc17ca691eb518d5a36a4668e09f82a90aa13d95d712c79f8c216ab1b19c921a"
        created_time: 1639099435868
      }
      signatures {
        public_key: "bddd58404d1315e0eb27902c5d7c8eb0602c16238f005773df406bc191308929"
        signature: "f5b3b38f1580d8c5bbab04c03676fb88a4e70401941b444c5a768c3067b70ee6abe96369c006c6d8a5e5c688a09100ca6a68807b8db2ac02c7dfb0e6c0f17400"
      }
      signatures {
        public_key: "3ad86d45d8b8e89298d49185b3418fc14a5b0ecbf3b26cb0a592c8ba6b8cae8e"
        signature: "e3c96491d8c3fa49d84a5a97e3c825a3bea5ddfdc4ad0b74debbc43d67d7009440a33e8c440b3e7f3deea4ec6f155bcb837b68eb9958e2dd35d8dddab9e3bc0b"
      }
      signatures {
        public_key: "55b77d9e7ecb1cad531555da10c28a475363cbdd0802b7951e85419014143ecc"
        signature: "c9de88ed7030194f4dedef6f4071d76444927a9f95a9663bf10e401230e9325f3ea9c726154e7d855c8175e6e43662ced7d5cf440ead5cd3d0847da74cb6b809"
      }
    }
  }
}


query_hash: "68094febd8f01917e513ac23be30e164b058c4d75c57f85bc021a2242b918472"
block_response {
  block {
    block_v1 {
      payload {
        height: 20
        prev_block_hash: "b24c637f5a39147dcd54a07520655785c07780f65053088cf21c24890bd4eb3b"
        created_time: 1639099447920
        rejected_transactions_hashes: "eef4de84a3c274ac82f4840876ee34b5929b1e1df8fc8b828844179f7b968c9c"
      }
      signatures {
        public_key: "bddd58404d1315e0eb27902c5d7c8eb0602c16238f005773df406bc191308929"
        signature: "3389440b7acd36452a4f7ba60e62b473a6238c1dee15cf64b1a7a57adce166eaf515b34371b3e376d55229f9c005370b66e81c50e2718b8250d1ba8fd560fd04"
      }
      signatures {
        public_key: "6870dec85c32ba2d2c042c511b5a4ea4003823fd1ef819231becc7544331d5d3"
        signature: "bf9c1ff0c7772884535304f78f3140ca944c35f1e8fdc5b660550c0e008ac9c4645a89dc171cabdcc61a87309bed29455d95cd090d213b26742dbffa6dd1d008"
      }
      signatures {
        public_key: "55b77d9e7ecb1cad531555da10c28a475363cbdd0802b7951e85419014143ecc"
        signature: "87065779c1b5efca3f3451c7fc677dbc92170952ce4ee653e53f2c7022baef4f3bbe32f27ff9883e57a6475bb91b7573444bdcc4a40949b9fd416d29830f1507"
      }
      signatures {
        public_key: "3ad86d45d8b8e89298d49185b3418fc14a5b0ecbf3b26cb0a592c8ba6b8cae8e"
        signature: "1747881ecdeb534c99dd3f970ba4c9cac3038dbaf6d3b0af53c93624738abc55f31e267464450a16a5075254a1ed06a09ec845ee20031fb1ed895d9fdf7d3502"
      }
    }
  }
}


query_hash: "c2ee7ee45335b084808e4fbb46590cda93376ed79adab7e4f4c8f51ba7823100"
block_response {
  block {
    block_v1 {
      payload {
        transactions {
          payload {
            reduced_payload {
              commands {
                create_asset {
                  asset_name: "5b3765cd84fc8a78b24f47a2357a3bfe"
                  domain_id: "mal-message-hash"
                }
              }
              creator_account_id: "mal@hashing"
              created_time: 1639099447971
              quorum: 1
            }
          }
          signatures {
            public_key: "1dc1f768895df7ec4fc8f194a411dab03af35f1a639f5f8adb26c907fec9d946"
            signature: "31446a8ac59d7147e1497e9a3b162c5d088ea4d13e57242cadf984da5f524269ebd3ce74ac5de7f26c48857a8f77efe7442f3b39234bf98a818ecedfe5aee604"
          }
        }
        height: 21
        prev_block_hash: "547356930db622308aeb4db4be343c9aa8ae252d8864c05283152a2eddfd702d"
        created_time: 1639099450970
      }
      signatures {
        public_key: "bddd58404d1315e0eb27902c5d7c8eb0602c16238f005773df406bc191308929"
        signature: "0c18f3ce6a08a813b194aa2b99b228e2f532da690d1f63430c57a9c82de8d4a4d4653f759a42ea558d384e84b52b86902ae656a03023b7afd4424a8589cb200c"
      }
      signatures {
        public_key: "3ad86d45d8b8e89298d49185b3418fc14a5b0ecbf3b26cb0a592c8ba6b8cae8e"
        signature: "191ebfa903741e0b54f4b676c8a8a61b1b1b0db2ded9302427a32148a1515f6415cb8a948ee9444cae757790ef39e859435216b8e3f0f1e894c5a9e9a0d9cf0f"
      }
      signatures {
        public_key: "6870dec85c32ba2d2c042c511b5a4ea4003823fd1ef819231becc7544331d5d3"
        signature: "b9cd12c574e86b77532d814dec592305b0e3d8e17cf7a96400850bcdfdf86c64f28eb26446d7d5019bf78a2208ba4f9515c4ca314e0171cba7eb89cc7fc4c309"
      }
      signatures {
        public_key: "55b77d9e7ecb1cad531555da10c28a475363cbdd0802b7951e85419014143ecc"
        signature: "7352b4e9c12b7dd0d6173ed5d12e6eca6cc893e4608f4718b68a9a8717058d04da638418fba60e9c92e2378d5032bf34c8d5a6d94c0880735fa8c357f1ac4c09"
      }
    }
  }
}


